{
  "stats": {
    "suites": 1,
    "tests": 1,
    "passes": 1,
    "pending": 0,
    "failures": 0,
    "start": "2025-02-03T23:14:07.675Z",
    "end": "2025-02-03T23:14:19.473Z",
    "duration": 11798,
    "testsRegistered": 1,
    "passPercent": 100,
    "pendingPercent": 0,
    "other": 0,
    "hasOther": false,
    "skipped": 0,
    "hasSkipped": false
  },
  "results": [
    {
      "uuid": "d593fa7c-5002-4849-8ea8-540e0e7d439e",
      "title": "",
      "fullFile": "cypress\\integration\\examples\\demo.ts",
      "file": "cypress\\integration\\examples\\demo.ts",
      "beforeHooks": [],
      "afterHooks": [],
      "tests": [],
      "suites": [
        {
          "uuid": "45bee929-6776-4ce5-aa15-17a7ceb4767d",
          "title": "Demo",
          "fullFile": "",
          "file": "",
          "beforeHooks": [],
          "afterHooks": [],
          "tests": [
            {
              "title": "Demo",
              "fullTitle": "Demo Demo",
              "timedOut": null,
              "duration": 8521,
              "state": "passed",
              "speed": "medium",
              "pass": true,
              "fail": false,
              "pending": false,
              "context": "{\n  \"title\": \"cypress-mochawesome-reporter-videos-passed\",\n  \"value\": \"cypress\\\\integration\\\\examples\\\\demo.ts\"\n}",
              "code": "cy.visit(\"https://rahulshettyacademy.com/AutomationPractice/\");\n// iframe\ncy.frameLoaded(\"#courses-iframe\");\ncy.iframe().find(\"a[href*='mentorship']\").eq(0).click();\ncy.iframe().find(\".courses-block\").should(\"have.length\", 12);\n// finish test\ncy.log(\"Test has been completed!\");",
              "err": {},
              "uuid": "94675d60-6227-486a-a92b-66b6e7647507",
              "parentUUID": "45bee929-6776-4ce5-aa15-17a7ceb4767d",
              "isHook": false,
              "skipped": false
            }
          ],
          "suites": [],
          "passes": [
            "94675d60-6227-486a-a92b-66b6e7647507"
          ],
          "failures": [],
          "pending": [],
          "skipped": [],
          "duration": 8521,
          "root": false,
          "rootEmpty": false,
          "_timeout": 2000
        }
      ],
      "passes": [],
      "failures": [],
      "pending": [],
      "skipped": [],
      "duration": 0,
      "root": true,
      "rootEmpty": true,
      "_timeout": 2000
    }
  ],
  "meta": {
    "mocha": {
      "version": "7.0.1"
    },
    "mochawesome": {
      "options": {
        "quiet": false,
        "reportFilename": "mochawesome",
        "saveHtml": false,
        "saveJson": true,
        "consoleReporter": "spec",
        "useInlineDiffs": false,
        "code": true
      },
      "version": "7.1.3"
    },
    "marge": {
      "options": {
        "overwrite": false,
        "html": false,
        "json": true,
        "reportDir": "cypress\\reports\\html\\.jsons"
      },
      "version": "6.2.0"
    }
  }
}