{
  "stats": {
    "suites": 0,
    "tests": 1,
    "passes": 0,
    "pending": 0,
    "failures": 1,
    "start": "2025-02-04T00:36:45.521Z",
    "end": "2025-02-04T00:36:46.166Z",
    "duration": 645,
    "testsRegistered": 1,
    "passPercent": 0,
    "pendingPercent": 0,
    "other": 0,
    "hasOther": false,
    "skipped": 0,
    "hasSkipped": false
  },
  "results": [
    {
      "uuid": "bf2d399f-164b-4742-bc93-4872dc5251fd",
      "title": "",
      "fullFile": "cypress\\integration\\examples\\BDD\\ecommerce.ts",
      "file": "cypress\\integration\\examples\\BDD\\ecommerce.ts",
      "beforeHooks": [],
      "afterHooks": [],
      "tests": [
        {
          "title": "An uncaught error was detected outside of a test",
          "fullTitle": "An uncaught error was detected outside of a test",
          "timedOut": null,
          "duration": 306,
          "state": "failed",
          "speed": null,
          "pass": false,
          "fail": true,
          "pending": false,
          "context": "[\n  {\n    \"title\": \"cypress-mochawesome-reporter-videos-failed\",\n    \"value\": \"cypress\\\\integration\\\\examples\\\\BDD\\\\ecommerce.ts\"\n  },\n  {\n    \"title\": \"cypress-mochawesome-reporter-screenshots\",\n    \"value\": [\n      [\n        \"\\\\ecommerce.ts\\\\An uncaught error was detected outside of a test (failed).png\"\n      ],\n      [\n        \"\\\\ecommerce.ts\\\\An uncaught error was detected outside of a test (failed) (attempt 2).png\"\n      ]\n    ]\n  }\n]",
          "code": "throw err;",
          "err": {
            "message": "Error: The following error originated from your test code, not from Cypress.\n\n  > Expected to find a global registry (this usually means you are trying to define steps or hooks in support/e2e.js, which is not supported) (this might be a bug, please report at https://github.com/badeball/cypress-cucumber-preprocessor)\n\nWhen Cypress detects uncaught errors originating from your test code it will automatically fail the current test.\n\nCypress could not associate this error to any specific test.\n\nWe dynamically generated a new test to display this failure.",
            "estack": "Error: The following error originated from your test code, not from Cypress.\n\n  > Expected to find a global registry (this usually means you are trying to define steps or hooks in support/e2e.js, which is not supported) (this might be a bug, please report at https://github.com/badeball/cypress-cucumber-preprocessor)\n\nWhen Cypress detects uncaught errors originating from your test code it will automatically fail the current test.\n\nCypress could not associate this error to any specific test.\n\nWe dynamically generated a new test to display this failure.\n    at createError (node_modules/@badeball/cypress-cucumber-preprocessor/dist/helpers/error.js:10:0)\n    at fail (node_modules/@badeball/cypress-cucumber-preprocessor/dist/helpers/assertions.js:14:0)\n    at assert (node_modules/@badeball/cypress-cucumber-preprocessor/dist/helpers/assertions.js:20:0)\n    at assertAndReturn (node_modules/@badeball/cypress-cucumber-preprocessor/dist/helpers/assertions.js:23:0)\n    at getRegistry (node_modules/@badeball/cypress-cucumber-preprocessor/dist/registry.js:233:0)\n    at defineStep (node_modules/@badeball/cypress-cucumber-preprocessor/dist/entrypoint-browser.js:42:0)\n    at 1.../../../support/pageObjects/CartPage (cypress/integration/examples/BDD/ecommerce.ts:14:6)\n    at o (node_modules/browser-pack/_prelude.js:1:0)\n    at r (node_modules/browser-pack/_prelude.js:1:0)\n    at eval (node_modules/browser-pack/_prelude.js:1:0)",
            "diff": null
          },
          "uuid": "56f67dd2-fc72-4094-b4ae-5882ac6fb6d8",
          "parentUUID": "bf2d399f-164b-4742-bc93-4872dc5251fd",
          "isHook": false,
          "skipped": false
        }
      ],
      "suites": [],
      "passes": [],
      "failures": [
        "56f67dd2-fc72-4094-b4ae-5882ac6fb6d8"
      ],
      "pending": [],
      "skipped": [],
      "duration": 306,
      "root": true,
      "rootEmpty": false,
      "_timeout": 2000
    }
  ],
  "meta": {
    "mocha": {
      "version": "7.0.1"
    },
    "mochawesome": {
      "options": {
        "quiet": false,
        "reportFilename": "mochawesome",
        "saveHtml": false,
        "saveJson": true,
        "consoleReporter": "spec",
        "useInlineDiffs": false,
        "code": true
      },
      "version": "7.1.3"
    },
    "marge": {
      "options": {
        "overwrite": false,
        "html": false,
        "json": true,
        "reportDir": "cypress\\reports\\html\\.jsons"
      },
      "version": "6.2.0"
    }
  }
}